<?xml version="1.0" encoding="UTF-8"?>
<!-- Generated by org.testng.reporters.JUnitXMLReporter -->
<testsuite hostname="Test" name="Default test" tests="5" failures="0" timestamp="31 Aug 2016 13:04:53 GMT" time="0.782" errors="0">
  <testcase name="testA1" time="0.023" classname="com.qtpselenium.core.coreFramework.testcases.DummyTestCase1"/>
  <testcase name="testA2" time="0.004" classname="com.qtpselenium.core.coreFramework.testcases.DummyTestCase1"/>
  <testcase name="testA2" time="0.004" classname="com.qtpselenium.core.coreFramework.testcases.DummyTestCase1"/>
  <testcase name="testA2" time="0.004" classname="com.qtpselenium.core.coreFramework.testcases.DummyTestCase1"/>
  <testcase name="testA3" time="0.011" classname="com.qtpselenium.core.coreFramework.testcases.DummyTestCase1"/>
</testsuite> <!-- Default test -->
