<?xml version="1.0" encoding="UTF-8"?>
<!-- Generated by org.testng.reporters.JUnitXMLReporter -->
<testsuite hostname="Test" name="test a1" tests="3" failures="0" timestamp="31 Aug 2016 10:49:36 GMT" time="15.867" errors="0">
  <testcase name="testA1" time="13.937" classname="com.qtpselenium.core.coreFramework.testcases.DummyTestCase1"/>
  <testcase name="testA2" time="0.006" classname="com.qtpselenium.core.coreFramework.testcases.DummyTestCase1"/>
  <testcase name="testA3" time="0.011" classname="com.qtpselenium.core.coreFramework.testcases.DummyTestCase1"/>
</testsuite> <!-- test a1 -->
